{"level":"info","message":"::1 - - [19/Feb/2026:12:56:05 +0000] \"POST /events HTTP/1.1\" 202 106 \"-\" \"PostmanRuntime/7.51.1\"","service":"webhook-dispatcher","timestamp":"2026-02-19T12:56:05.553Z"}
{"level":"info","message":"::1 - - [19/Feb/2026:12:56:06 +0000] \"POST /events HTTP/1.1\" 202 106 \"-\" \"PostmanRuntime/7.51.1\"","service":"webhook-dispatcher","timestamp":"2026-02-19T12:56:06.635Z"}
{"level":"info","message":"Picked up 2 events for processing","service":"webhook-dispatcher","timestamp":"2026-02-19T12:56:08.014Z"}
{"attempt":1,"durationMs":40,"eventId":"4b545f5a-e6b1-4ac7-9645-5249cc01011c","httpStatus":200,"level":"info","message":"attempt #1 → status=200 (40ms)","service":"webhook-dispatcher","targetUrl":"http://localhost:3001/webhook","timestamp":"2026-02-19T12:56:08.063Z"}
{"level":"info","message":"::1 - - [19/Feb/2026:12:56:10 +0000] \"POST /events HTTP/1.1\" 202 106 \"-\" \"PostmanRuntime/7.51.1\"","service":"webhook-dispatcher","timestamp":"2026-02-19T12:56:10.118Z"}
{"level":"info","message":"Picked up 2 events for processing","service":"webhook-dispatcher","timestamp":"2026-02-19T12:56:13.013Z"}
{"attempt":1,"durationMs":8,"eventId":"3dc981e0-c2bc-4a1e-96a3-29a36811e54c","httpStatus":200,"level":"info","message":"attempt #1 → status=200 (8ms)","service":"webhook-dispatcher","targetUrl":"http://localhost:3001/webhook","timestamp":"2026-02-19T12:56:13.026Z"}
{"attempt":1,"durationMs":9,"eventId":"86a914a1-7997-4171-acee-d00bd7ffb5ff","httpStatus":500,"level":"info","message":"attempt #1 → status=500 (9ms) | next_retry=2026-02-19T12:56:15.027Z","nextRetryAt":"2026-02-19T12:56:15.027Z","service":"webhook-dispatcher","targetUrl":"http://localhost:3001/webhook","timestamp":"2026-02-19T12:56:13.027Z"}
{"level":"info","message":"::1 - - [19/Feb/2026:12:56:13 +0000] \"POST /events HTTP/1.1\" 202 106 \"-\" \"PostmanRuntime/7.51.1\"","service":"webhook-dispatcher","timestamp":"2026-02-19T12:56:13.998Z"}
{"level":"info","message":"Picked up 2 events for processing","service":"webhook-dispatcher","timestamp":"2026-02-19T12:56:18.025Z"}
{"attempt":1,"durationMs":10037,"error":"timeout of 10000ms exceeded","eventId":"3dc981e0-c2bc-4a1e-96a3-29a36811e54c","level":"info","message":"attempt #1 → error=\"timeout of 10000ms exceeded\" (10037ms) | next_retry=2026-02-19T12:56:20.065Z","nextRetryAt":"2026-02-19T12:56:20.065Z","service":"webhook-dispatcher","targetUrl":"http://localhost:3001/webhook","timestamp":"2026-02-19T12:56:18.066Z"}
{"attempt":1,"durationMs":44,"eventId":"ec6677d8-ae53-4f0d-bd3d-5676f89409da","httpStatus":500,"level":"info","message":"attempt #1 → status=500 (44ms) | next_retry=2026-02-19T12:56:20.072Z","nextRetryAt":"2026-02-19T12:56:20.072Z","service":"webhook-dispatcher","targetUrl":"http://localhost:3001/webhook","timestamp":"2026-02-19T12:56:18.073Z"}
{"level":"info","message":"::1 - - [19/Feb/2026:12:56:18 +0000] \"POST /events HTTP/1.1\" 202 106 \"-\" \"PostmanRuntime/7.51.1\"","service":"webhook-dispatcher","timestamp":"2026-02-19T12:56:18.874Z"}
{"level":"info","message":"Picked up 4 events for processing","service":"webhook-dispatcher","timestamp":"2026-02-19T12:56:23.019Z"}
{"attempt":2,"durationMs":7,"eventId":"86a914a1-7997-4171-acee-d00bd7ffb5ff","httpStatus":200,"level":"info","message":"attempt #2 → status=200 (7ms)","service":"webhook-dispatcher","targetUrl":"http://localhost:3001/webhook","timestamp":"2026-02-19T12:56:23.028Z"}
{"attempt":2,"durationMs":8,"eventId":"ec6677d8-ae53-4f0d-bd3d-5676f89409da","httpStatus":500,"level":"info","message":"attempt #2 → status=500 (8ms) | next_retry=2026-02-19T12:56:27.030Z","nextRetryAt":"2026-02-19T12:56:27.030Z","service":"webhook-dispatcher","targetUrl":"http://localhost:3001/webhook","timestamp":"2026-02-19T12:56:23.031Z"}
{"attempt":2,"durationMs":10005,"error":"timeout of 10000ms exceeded","eventId":"86a914a1-7997-4171-acee-d00bd7ffb5ff","level":"info","message":"attempt #2 → error=\"timeout of 10000ms exceeded\" (10005ms) | next_retry=2026-02-19T12:56:32.042Z","nextRetryAt":"2026-02-19T12:56:32.042Z","service":"webhook-dispatcher","targetUrl":"http://localhost:3001/webhook","timestamp":"2026-02-19T12:56:28.043Z"}
{"level":"info","message":"Picked up 3 events for processing","service":"webhook-dispatcher","timestamp":"2026-02-19T12:56:28.044Z"}
{"attempt":1,"durationMs":5,"eventId":"ef12ca38-25e1-41ae-82fe-eeb2a28ea3a0","httpStatus":500,"level":"info","message":"attempt #1 → status=500 (5ms) | next_retry=2026-02-19T12:56:30.051Z","nextRetryAt":"2026-02-19T12:56:30.051Z","service":"webhook-dispatcher","targetUrl":"http://localhost:3001/webhook","timestamp":"2026-02-19T12:56:28.051Z"}
{"attempt":1,"durationMs":10015,"error":"timeout of 10000ms exceeded","eventId":"ef12ca38-25e1-41ae-82fe-eeb2a28ea3a0","level":"info","message":"attempt #1 → error=\"timeout of 10000ms exceeded\" (10015ms) | next_retry=2026-02-19T12:56:35.047Z","nextRetryAt":"2026-02-19T12:56:35.047Z","service":"webhook-dispatcher","targetUrl":"http://localhost:3001/webhook","timestamp":"2026-02-19T12:56:33.048Z"}
{"attempt":2,"durationMs":10018,"error":"timeout of 10000ms exceeded","eventId":"3dc981e0-c2bc-4a1e-96a3-29a36811e54c","level":"info","message":"attempt #2 → error=\"timeout of 10000ms exceeded\" (10018ms) | next_retry=2026-02-19T12:56:37.048Z","nextRetryAt":"2026-02-19T12:56:37.048Z","service":"webhook-dispatcher","targetUrl":"http://localhost:3001/webhook","timestamp":"2026-02-19T12:56:33.049Z"}
{"level":"info","message":"Picked up 2 events for processing","service":"webhook-dispatcher","timestamp":"2026-02-19T12:56:33.051Z"}
{"attempt":3,"durationMs":5,"eventId":"ec6677d8-ae53-4f0d-bd3d-5676f89409da","httpStatus":500,"level":"info","message":"attempt #3 → status=500 (5ms) | next_retry=2026-02-19T12:56:41.058Z","nextRetryAt":"2026-02-19T12:56:41.058Z","service":"webhook-dispatcher","targetUrl":"http://localhost:3001/webhook","timestamp":"2026-02-19T12:56:33.059Z"}
{"level":"info","message":"Picked up 3 events for processing","service":"webhook-dispatcher","timestamp":"2026-02-19T12:56:38.054Z"}
{"attempt":2,"durationMs":10014,"error":"timeout of 10000ms exceeded","eventId":"3dc981e0-c2bc-4a1e-96a3-29a36811e54c","level":"info","message":"attempt #2 → error=\"timeout of 10000ms exceeded\" (10014ms) | next_retry=2026-02-19T12:56:42.062Z","nextRetryAt":"2026-02-19T12:56:42.062Z","service":"webhook-dispatcher","targetUrl":"http://localhost:3001/webhook","timestamp":"2026-02-19T12:56:38.063Z"}
{"attempt":3,"durationMs":10016,"error":"timeout of 10000ms exceeded","eventId":"ec6677d8-ae53-4f0d-bd3d-5676f89409da","level":"info","message":"attempt #3 → error=\"timeout of 10000ms exceeded\" (10016ms) | next_retry=2026-02-19T12:56:46.063Z","nextRetryAt":"2026-02-19T12:56:46.063Z","service":"webhook-dispatcher","targetUrl":"http://localhost:3001/webhook","timestamp":"2026-02-19T12:56:38.063Z"}
{"attempt":2,"durationMs":11,"eventId":"ef12ca38-25e1-41ae-82fe-eeb2a28ea3a0","httpStatus":200,"level":"info","message":"attempt #2 → status=200 (11ms)","service":"webhook-dispatcher","targetUrl":"http://localhost:3001/webhook","timestamp":"2026-02-19T12:56:38.069Z"}
{"attempt":3,"durationMs":11,"eventId":"3dc981e0-c2bc-4a1e-96a3-29a36811e54c","httpStatus":500,"level":"info","message":"attempt #3 → status=500 (11ms) | next_retry=2026-02-19T12:56:46.069Z","nextRetryAt":"2026-02-19T12:56:46.069Z","service":"webhook-dispatcher","targetUrl":"http://localhost:3001/webhook","timestamp":"2026-02-19T12:56:38.069Z"}
{"level":"info","message":"Webhook Dispatcher starting...","service":"webhook-dispatcher","timestamp":"2026-02-19T12:56:46.752Z"}
{"level":"info","message":"Database connection established","service":"webhook-dispatcher","timestamp":"2026-02-19T12:56:46.859Z"}
{"level":"info","message":"Database synced","service":"webhook-dispatcher","timestamp":"2026-02-19T12:56:46.878Z"}
{"level":"info","message":"Dispatcher polling loop started (interval: 5000ms)","service":"webhook-dispatcher","timestamp":"2026-02-19T12:56:46.882Z"}
{"level":"info","message":"API listening on port 3000","service":"webhook-dispatcher","timestamp":"2026-02-19T12:56:46.884Z"}
{"level":"info","message":"Picked up 3 events for processing","service":"webhook-dispatcher","timestamp":"2026-02-19T12:56:46.891Z"}
{"attempt":3,"durationMs":18,"eventId":"86a914a1-7997-4171-acee-d00bd7ffb5ff","httpStatus":500,"level":"info","message":"attempt #3 → status=500 (18ms) | next_retry=2026-02-19T12:56:54.920Z","nextRetryAt":"2026-02-19T12:56:54.920Z","service":"webhook-dispatcher","targetUrl":"http://localhost:3001/webhook","timestamp":"2026-02-19T12:56:46.921Z"}
{"attempt":4,"durationMs":18,"eventId":"ec6677d8-ae53-4f0d-bd3d-5676f89409da","httpStatus":200,"level":"info","message":"attempt #4 → status=200 (18ms)","service":"webhook-dispatcher","targetUrl":"http://localhost:3001/webhook","timestamp":"2026-02-19T12:56:46.924Z"}
{"attempt":4,"durationMs":18,"eventId":"3dc981e0-c2bc-4a1e-96a3-29a36811e54c","httpStatus":200,"level":"info","message":"attempt #4 → status=200 (18ms)","service":"webhook-dispatcher","targetUrl":"http://localhost:3001/webhook","timestamp":"2026-02-19T12:56:46.925Z"}
{"level":"info","message":"Picked up 1 events for processing","service":"webhook-dispatcher","timestamp":"2026-02-19T12:56:56.898Z"}
{"attempt":4,"durationMs":5,"eventId":"86a914a1-7997-4171-acee-d00bd7ffb5ff","httpStatus":200,"level":"info","message":"attempt #4 → status=200 (5ms)","service":"webhook-dispatcher","targetUrl":"http://localhost:3001/webhook","timestamp":"2026-02-19T12:56:56.905Z"}
